<?xml version="1.0" encoding="UTF-8"?>
<!-- Generated by org.testng.reporters.JUnitReportReporter -->
<testsuite hostname="BTM-FACULTY-PC" name="btm.NewTest" tests="1" failures="0" timestamp="20 Sep 2018 03:48:29 GMT" time="0.007" errors="0">
  <testcase name="f" time="0.007" classname="btm.NewTest"/>
</testsuite> <!-- btm.NewTest -->
